Building DAG of jobs...
Using shell: /usr/bin/bash
Provided cores: 1 (use --cores to define parallelism)
Rules claiming more threads will be scaled down.
Job stats:
job                           count
--------------------------  -------
all                               1
analyze_splicemutr                1
calcualte_coding_potential        1
calculate_gene_metric             1
combine_splicemutr                1
compile_kmer_counts               1
create_junction_expression        1
extract_data                      1
form_transcripts                  1
process_bindaffinity              1
process_peptides                  1
run_mhcnuggets                    1
total                            12

Select jobs to execute...

[Fri Dec 22 12:13:39 2023]
rule form_transcripts:
    input: /dcs04/fertig/data/theron/splicemutr_paper/simulated_reads/splicemutr/SJ_FILES_OUT/splicemutr_introns.rds, /dcs04/fertig/data/theron/splicemutr_paper/simulated_reads/splicemutr/splicemutr_references/G039_txdb.sqlite, /users/tpalmer/splicemute/scripts, /users/tpalmer/splicemute/R/functions.R, /dcs04/fertig/data/theron/splicemutr_paper/simulated_reads/splicemutr/formed_transcripts
    output: /dcs04/fertig/data/theron/splicemutr_paper/simulated_reads/splicemutr/formed_transcripts/splicemutr_introns_data_splicemutr.rds
    jobid: 4
    reason: Updated input files: /dcs04/fertig/data/theron/splicemutr_paper/simulated_reads/splicemutr/formed_transcripts
    resources: tmpdir=/tmp

[Fri Dec 22 12:32:10 2023]
Finished job 4.
1 of 12 steps (8%) done
Select jobs to execute...

[Fri Dec 22 12:32:10 2023]
rule create_junction_expression:
    input: /users/tpalmer/splicemute/scripts, /dcs04/fertig/data/theron/splicemutr_paper/simulated_reads/splicemutr/SJ_FILES_OUT/juncfiles.txt, /dcs04/fertig/data/theron/splicemutr_paper/simulated_reads/splicemutr/create_junc_expression_out
    output: /dcs04/fertig/data/theron/splicemutr_paper/simulated_reads/splicemutr/create_junc_expression_out/junc_expr_combined_vst.rds
    jobid: 11
    reason: Updated input files: /users/tpalmer/splicemute/scripts
    resources: tmpdir=/tmp

[Fri Dec 22 12:32:26 2023]
Finished job 11.
2 of 12 steps (17%) done
Select jobs to execute...

[Fri Dec 22 12:32:26 2023]
rule calcualte_coding_potential:
    input: /dcs04/fertig/data/theron/splicemutr_paper/simulated_reads/splicemutr/formed_transcripts/splicemutr_introns_data_splicemutr.rds, /users/tpalmer/splicemute/R/functions.R, /users/tpalmer/splicemute/scripts, /dcs04/fertig/data/theron/splicemutr_paper/simulated_reads/splicemutr/formed_transcripts
    output: /dcs04/fertig/data/theron/splicemutr_paper/simulated_reads/splicemutr/formed_transcripts/filenames_cp.txt
    jobid: 3
    reason: Input files updated by another job: /dcs04/fertig/data/theron/splicemutr_paper/simulated_reads/splicemutr/formed_transcripts/splicemutr_introns_data_splicemutr.rds
    resources: tmpdir=/tmp

[Fri Dec 22 12:32:32 2023]
Finished job 3.
3 of 12 steps (25%) done
Select jobs to execute...

[Fri Dec 22 12:32:32 2023]
rule combine_splicemutr:
    input: /dcs04/fertig/data/theron/splicemutr_paper/simulated_reads/splicemutr/formed_transcripts/filenames_cp.txt, /users/tpalmer/splicemute/scripts, /dcs04/fertig/data/theron/splicemutr_paper/simulated_reads/splicemutr/combine_splicemutr_out
    output: /dcs04/fertig/data/theron/splicemutr_paper/simulated_reads/splicemutr/combine_splicemutr_out/proteins.txt, /dcs04/fertig/data/theron/splicemutr_paper/simulated_reads/splicemutr/combine_splicemutr_out/data_splicemutr_all_pep.txt
    jobid: 2
    reason: Input files updated by another job: /dcs04/fertig/data/theron/splicemutr_paper/simulated_reads/splicemutr/formed_transcripts/filenames_cp.txt
    resources: tmpdir=/tmp

[Fri Dec 22 12:32:34 2023]
Finished job 2.
4 of 12 steps (33%) done
Select jobs to execute...

[Fri Dec 22 12:32:34 2023]
rule process_peptides:
    input: /users/tpalmer/splicemute/inst, /dcs04/fertig/data/theron/splicemutr_paper/simulated_reads/splicemutr/combine_splicemutr_out/proteins.txt, /dcs04/fertig/data/theron/splicemutr_paper/simulated_reads/splicemutr/process_peptides_out
    output: /dcs04/fertig/data/theron/splicemutr_paper/simulated_reads/splicemutr/process_peptides_out/peps_9.txt
    jobid: 8
    reason: Input files updated by another job: /dcs04/fertig/data/theron/splicemutr_paper/simulated_reads/splicemutr/combine_splicemutr_out/proteins.txt
    resources: tmpdir=/tmp

[Fri Dec 22 12:32:36 2023]
Finished job 8.
5 of 12 steps (42%) done
Select jobs to execute...

[Fri Dec 22 12:32:36 2023]
rule run_mhcnuggets:
    input: /dcs04/fertig/data/theron/splicemutr_paper/simulated_reads/splicemutr/process_peptides_out/peps_9.txt, /dcs04/fertig/data/theron/splicemutr_paper/simulated_reads/splicemutr/class1_alleles.txt, /users/tpalmer/splicemute/inst, /dcs04/fertig/data/theron/splicemutr_paper/simulated_reads/splicemutr/mhcnuggets_out
    output: /dcs04/fertig/data/theron/splicemutr_paper/simulated_reads/splicemutr/mhcnuggets_out/allele_files.txt
    jobid: 7
    reason: Input files updated by another job: /dcs04/fertig/data/theron/splicemutr_paper/simulated_reads/splicemutr/process_peptides_out/peps_9.txt
    resources: tmpdir=/tmp

[Fri Dec 22 12:33:10 2023]
Finished job 7.
6 of 12 steps (50%) done
Select jobs to execute...

[Fri Dec 22 12:33:10 2023]
rule process_bindaffinity:
    input: /dcs04/fertig/data/theron/splicemutr_paper/simulated_reads/splicemutr/mhcnuggets_out/allele_files.txt, /users/tpalmer/splicemute/inst, /dcs04/fertig/data/theron/splicemutr_paper/simulated_reads/splicemutr/process_peptides_out, /dcs04/fertig/data/theron/splicemutr_paper/simulated_reads/splicemutr/process_bindaff_out
    output: /dcs04/fertig/data/theron/splicemutr_paper/simulated_reads/splicemutr/process_bindaff_out/filenames.txt
    jobid: 9
    reason: Input files updated by another job: /dcs04/fertig/data/theron/splicemutr_paper/simulated_reads/splicemutr/mhcnuggets_out/allele_files.txt
    resources: tmpdir=/tmp

[Fri Dec 22 12:33:11 2023]
Finished job 9.
7 of 12 steps (58%) done
Select jobs to execute...

[Fri Dec 22 12:33:11 2023]
rule extract_data:
    input: /dcs04/fertig/data/theron/splicemutr_paper/simulated_reads/splicemutr/class1_alleles.txt, /users/tpalmer/splicemute/inst, /dcs04/fertig/data/theron/splicemutr_paper/simulated_reads/splicemutr/process_bindaff_out, /dcs04/fertig/data/theron/splicemutr_paper/simulated_reads/splicemutr/process_bindaff_out, /dcs04/fertig/data/theron/splicemutr_paper/simulated_reads/splicemutr/process_bindaff_out/filenames.txt
    output: /dcs04/fertig/data/theron/splicemutr_paper/simulated_reads/splicemutr/process_bindaff_out/summaries.txt
    jobid: 10
    reason: Input files updated by another job: /dcs04/fertig/data/theron/splicemutr_paper/simulated_reads/splicemutr/process_bindaff_out/filenames.txt
    resources: tmpdir=/tmp

[Fri Dec 22 12:33:12 2023]
Finished job 10.
8 of 12 steps (67%) done
Select jobs to execute...

[Fri Dec 22 12:33:12 2023]
rule analyze_splicemutr:
    input: /dcs04/fertig/data/theron/splicemutr_paper/simulated_reads/splicemutr/mhcnuggets_out/allele_files.txt, /dcs04/fertig/data/theron/splicemutr_paper/simulated_reads/splicemutr/process_bindaff_out/filenames.txt, /dcs04/fertig/data/theron/splicemutr_paper/simulated_reads/splicemutr/process_bindaff_out/summaries.txt, /dcs04/fertig/data/theron/splicemutr_paper/simulated_reads/splicemutr/genotypes_specific.txt, /dcs04/fertig/data/theron/splicemutr_paper/simulated_reads/splicemutr/combine_splicemutr_out/data_splicemutr_all_pep.txt, /dcs04/fertig/data/theron/splicemutr_paper/simulated_reads/splicemutr/analyze_splicemutr_out
    output: /dcs04/fertig/data/theron/splicemutr_paper/simulated_reads/splicemutr/analyze_splicemutr_out/filenames.txt
    jobid: 6
    reason: Input files updated by another job: /dcs04/fertig/data/theron/splicemutr_paper/simulated_reads/splicemutr/process_bindaff_out/filenames.txt, /dcs04/fertig/data/theron/splicemutr_paper/simulated_reads/splicemutr/process_bindaff_out/summaries.txt, /dcs04/fertig/data/theron/splicemutr_paper/simulated_reads/splicemutr/combine_splicemutr_out/data_splicemutr_all_pep.txt, /dcs04/fertig/data/theron/splicemutr_paper/simulated_reads/splicemutr/mhcnuggets_out/allele_files.txt
    resources: tmpdir=/tmp

[Fri Dec 22 12:33:25 2023]
Finished job 6.
9 of 12 steps (75%) done
Select jobs to execute...

[Fri Dec 22 12:33:25 2023]
rule compile_kmer_counts:
    input: /dcs04/fertig/data/theron/splicemutr_paper/simulated_reads/splicemutr/analyze_splicemutr_out/filenames.txt, /users/tpalmer/splicemute/inst, /dcs04/fertig/data/theron/splicemutr_paper/simulated_reads/splicemutr/kmer_counts_out
    output: /dcs04/fertig/data/theron/splicemutr_paper/simulated_reads/splicemutr/kmer_counts_out/all_kmers_counts.txt
    jobid: 5
    reason: Input files updated by another job: /dcs04/fertig/data/theron/splicemutr_paper/simulated_reads/splicemutr/analyze_splicemutr_out/filenames.txt
    resources: tmpdir=/tmp

[Fri Dec 22 12:33:26 2023]
Finished job 5.
10 of 12 steps (83%) done
Select jobs to execute...

[Fri Dec 22 12:33:26 2023]
rule calculate_gene_metric:
    input: /users/tpalmer/splicemute/scripts, /dcs04/fertig/data/theron/splicemutr_paper/simulated_reads/splicemutr/combine_splicemutr_out/data_splicemutr_all_pep.txt, /dcs04/fertig/data/theron/splicemutr_paper/simulated_reads/splicemutr/kmer_counts_out/all_kmers_counts.txt, /dcs04/fertig/data/theron/splicemutr_paper/simulated_reads/splicemutr/create_junc_expression_out/junc_expr_combined_vst.rds, /dcs04/fertig/data/theron/splicemutr_paper/simulated_reads/splicemutr/create_splicing_antigenicity_out
    output: /dcs04/fertig/data/theron/splicemutr_paper/simulated_reads/splicemutr/create_splicing_antigenicity_out/filenames.txt
    jobid: 1
    reason: Input files updated by another job: /dcs04/fertig/data/theron/splicemutr_paper/simulated_reads/splicemutr/create_junc_expression_out/junc_expr_combined_vst.rds, /dcs04/fertig/data/theron/splicemutr_paper/simulated_reads/splicemutr/kmer_counts_out/all_kmers_counts.txt, /dcs04/fertig/data/theron/splicemutr_paper/simulated_reads/splicemutr/combine_splicemutr_out/data_splicemutr_all_pep.txt
    resources: tmpdir=/tmp

[Fri Dec 22 12:33:35 2023]
Finished job 1.
11 of 12 steps (92%) done
Select jobs to execute...

[Fri Dec 22 12:33:35 2023]
localrule all:
    input: /dcs04/fertig/data/theron/splicemutr_paper/simulated_reads/splicemutr/create_splicing_antigenicity_out/filenames.txt
    jobid: 0
    reason: Input files updated by another job: /dcs04/fertig/data/theron/splicemutr_paper/simulated_reads/splicemutr/create_splicing_antigenicity_out/filenames.txt
    resources: tmpdir=/tmp

[Fri Dec 22 12:33:35 2023]
Finished job 0.
12 of 12 steps (100%) done
Complete log: .snakemake/log/2023-12-22T121335.816107.snakemake.log
