Building DAG of jobs...
Using shell: /usr/bin/bash
Provided cores: 1 (use --cores to define parallelism)
Rules claiming more threads will be scaled down.
Job stats:
job                           count
--------------------------  -------
all                               1
analyze_splicemutr                1
calcualte_coding_potential        1
calculate_gene_metric             1
combine_splicemutr                1
compile_kmer_counts               1
create_junction_expression        1
extract_data                      1
form_transcripts                  1
process_bindaffinity              1
process_peptides                  1
run_mhcnuggets                    1
total                            12

Select jobs to execute...

[Thu Dec 21 10:26:23 2023]
rule create_junction_expression:
    input: /users/tpalmer/splicemute/scripts, /dcs04/fertig/data/theron/splicemutr_paper/simulated_reads/splicemutr/SJ_FILES_OUT/juncfiles.txt, /dcs04/fertig/data/theron/splicemutr_paper/simulated_reads/splicemutr/create_junc_expression_out
    output: /dcs04/fertig/data/theron/splicemutr_paper/simulated_reads/splicemutr/create_junc_expression_out/junc_expr_combined_vst.rds
    jobid: 10
    reason: Missing output files: /dcs04/fertig/data/theron/splicemutr_paper/simulated_reads/splicemutr/create_junc_expression_out/junc_expr_combined_vst.rds
    resources: tmpdir=/tmp

[Thu Dec 21 10:26:28 2023]
Error in rule create_junction_expression:
    jobid: 10
    input: /users/tpalmer/splicemute/scripts, /dcs04/fertig/data/theron/splicemutr_paper/simulated_reads/splicemutr/SJ_FILES_OUT/juncfiles.txt, /dcs04/fertig/data/theron/splicemutr_paper/simulated_reads/splicemutr/create_junc_expression_out
    output: /dcs04/fertig/data/theron/splicemutr_paper/simulated_reads/splicemutr/create_junc_expression_out/junc_expr_combined_vst.rds
    shell:
        
        /users/tpalmer/splicemute/scripts/create_junc_expr.R -f /dcs04/fertig/data/theron/splicemutr_paper/simulated_reads/splicemutr/SJ_FILES_OUT/juncfiles.txt -o /dcs04/fertig/data/theron/splicemutr_paper/simulated_reads/splicemutr/create_junc_expression_out
        
        (one of the commands exited with non-zero exit code; note that snakemake uses bash strict mode!)

Shutting down, this might take some time.
Exiting because a job execution failed. Look above for error message
Complete log: .snakemake/log/2023-12-21T102618.321016.snakemake.log
