Building DAG of jobs...
Using shell: /usr/bin/bash
Provided cores: 1 (use --cores to define parallelism)
Rules claiming more threads will be scaled down.
Job stats:
job                     count
--------------------  -------
all                         1
convert_fasta_twobit        1
create_bsgenome             1
get_reference_data          1
make_txdb                   1
total                       5

Select jobs to execute...

[Wed Dec 20 15:34:46 2023]
rule get_reference_data:
    input: /dcs04/fertig/data/theron/splicemutr_paper/simulated_reads/splicemutr/splicemutr_references, /dcs04/fertig/data/theron/splicemutr_paper/simulated_reads/splicemutr/splicemutr_references/GRCh38.primary_assembly.genome.fa.gz
    output: /dcs04/fertig/data/theron/splicemutr_paper/simulated_reads/splicemutr/splicemutr_references/GRCh38.primary_assembly.genome.fa
    jobid: 1
    reason: Updated input files: /dcs04/fertig/data/theron/splicemutr_paper/simulated_reads/splicemutr/splicemutr_references
    resources: tmpdir=/tmp

Terminating processes on user request, this might take some time.
[Wed Dec 20 15:34:58 2023]
Error in rule get_reference_data:
    jobid: 1
    input: /dcs04/fertig/data/theron/splicemutr_paper/simulated_reads/splicemutr/splicemutr_references, /dcs04/fertig/data/theron/splicemutr_paper/simulated_reads/splicemutr/splicemutr_references/GRCh38.primary_assembly.genome.fa.gz
    output: /dcs04/fertig/data/theron/splicemutr_paper/simulated_reads/splicemutr/splicemutr_references/GRCh38.primary_assembly.genome.fa
    shell:
        
        cd /dcs04/fertig/data/theron/splicemutr_paper/simulated_reads/splicemutr/splicemutr_references
        gunzip -k /dcs04/fertig/data/theron/splicemutr_paper/simulated_reads/splicemutr/splicemutr_references/GRCh38.primary_assembly.genome.fa.gz
        
        (one of the commands exited with non-zero exit code; note that snakemake uses bash strict mode!)

Cancelling snakemake on user request.
