Building DAG of jobs...
Using shell: /usr/bin/bash
Provided cores: 1 (use --cores to define parallelism)
Rules claiming more threads will be scaled down.
Job stats:
job                              count
-----------------------------  -------
all                                  1
convert_fasta_twobit                 1
create_bsgenome                      1
get_reference_data                   1
make_txdb                            1
prepare_leafcutter_references        1
total                                6

Select jobs to execute...

[Wed Nov 22 13:27:06 2023]
rule prepare_leafcutter_references:
    input: /users/tpalmer/leafcutter, /dcs04/fertig/data/theron/splicemutr_snakemake_example/splicemutr_references/gencode.v26.chr_patch_hapl_scaff.annotation.gtf.gz
    output: /dcs04/fertig/data/theron/splicemutr_snakemake_example/splicemutr_references/annotations/G026.exons.txt
    jobid: 3
    reason: Missing output files: /dcs04/fertig/data/theron/splicemutr_snakemake_example/splicemutr_references/annotations/G026.exons.txt
    resources: tmpdir=/tmp

Terminating processes on user request, this might take some time.
[Wed Nov 22 13:27:06 2023]
Error in rule prepare_leafcutter_references:
    jobid: 3
    input: /users/tpalmer/leafcutter, /dcs04/fertig/data/theron/splicemutr_snakemake_example/splicemutr_references/gencode.v26.chr_patch_hapl_scaff.annotation.gtf.gz
    output: /dcs04/fertig/data/theron/splicemutr_snakemake_example/splicemutr_references/annotations/G026.exons.txt
    shell:
        
        /users/tpalmer/leafcutter/scripts/gtf_to_exons.R /dcs04/fertig/data/theron/splicemutr_snakemake_example/splicemutr_references/gencode.v26.chr_patch_hapl_scaff.annotation.gtf.gz /dcs04/fertig/data/theron/splicemutr_snakemake_example/splicemutr_references/annotations/G026.exons.txt

        cd $(dirname /dcs04/fertig/data/theron/splicemutr_snakemake_example/splicemutr_references/annotations/G026.exons.txt)

        /users/tpalmer/leafcutter/leafviz/gtf2leafcutter.pl -o G026 /dcs04/fertig/data/theron/splicemutr_snakemake_example/splicemutr_references/gencode.v26.chr_patch_hapl_scaff.annotation.gtf.gz
        
        (one of the commands exited with non-zero exit code; note that snakemake uses bash strict mode!)

Complete log: .snakemake/log/2023-11-22T132703.895682.snakemake.log
