Building DAG of jobs...
Using shell: /usr/bin/bash
Provided cores: 1 (use --cores to define parallelism)
Rules claiming more threads will be scaled down.
Job stats:
job             count
------------  -------
all                 1
save_introns        1
total               2

Select jobs to execute...

[Wed Oct 25 18:22:54 2023]
rule save_introns:
    input: /dcs04/fertig/data/theron/splicemutr_snakemake_example/juncs/data.Rdata, /users/tpalmer/splicemute/scripts
    output: /dcs04/fertig/data/theron/splicemutr_snakemake_example/introns, /dcs04/fertig/data/theron/splicemutr_snakemake_example/introns/CHOL_introns.rds
    jobid: 1
    reason: Missing output files: /dcs04/fertig/data/theron/splicemutr_snakemake_example/introns/CHOL_introns.rds; Updated input files: /users/tpalmer/splicemute/scripts
    resources: tmpdir=/tmp

[Wed Oct 25 18:22:57 2023]
Error in rule save_introns:
    jobid: 1
    input: /dcs04/fertig/data/theron/splicemutr_snakemake_example/juncs/data.Rdata, /users/tpalmer/splicemute/scripts
    output: /dcs04/fertig/data/theron/splicemutr_snakemake_example/introns, /dcs04/fertig/data/theron/splicemutr_snakemake_example/introns/CHOL_introns.rds
    shell:
        
    /users/tpalmer/splicemute/scripts/save_introns.R -i /dcs04/fertig/data/theron/splicemutr_snakemake_example/juncs/data.Rdata -o /dcs04/fertig/data/theron/splicemutr_snakemake_example/introns
    
        (one of the commands exited with non-zero exit code; note that snakemake uses bash strict mode!)

Removing output files of failed job save_introns since they might be corrupted:
/dcs04/fertig/data/theron/splicemutr_snakemake_example/introns
Shutting down, this might take some time.
Exiting because a job execution failed. Look above for error message
Complete log: .snakemake/log/2023-10-25T182249.966011.snakemake.log
