Building DAG of jobs...
Using shell: /usr/bin/bash
Provided cores: 1 (use --cores to define parallelism)
Rules claiming more threads will be scaled down.
Job stats:
job                     count
--------------------  -------
all                         1
convert_fasta_twobit        1
create_bsgenome             1
get_reference_data          1
make_txdb                   1
total                       5

Select jobs to execute...

[Wed Nov 22 14:28:04 2023]
rule make_txdb:
    input: /dcs04/fertig/data/theron/splicemutr_snakemake_example/splicemutr_references, /dcs04/fertig/data/theron/splicemutr_snakemake_example/splicemutr_references/gencode.v26.chr_patch_hapl_scaff.annotation.gtf.gz, /users/tpalmer/splicemute/scripts
    output: /dcs04/fertig/data/theron/splicemutr_snakemake_example/splicemutr_references/G026_txdb.sqlite
    jobid: 2
    reason: Missing output files: /dcs04/fertig/data/theron/splicemutr_snakemake_example/splicemutr_references/G026_txdb.sqlite
    resources: tmpdir=/tmp

[Wed Nov 22 14:28:05 2023]
Error in rule make_txdb:
    jobid: 2
    input: /dcs04/fertig/data/theron/splicemutr_snakemake_example/splicemutr_references, /dcs04/fertig/data/theron/splicemutr_snakemake_example/splicemutr_references/gencode.v26.chr_patch_hapl_scaff.annotation.gtf.gz, /users/tpalmer/splicemute/scripts
    output: /dcs04/fertig/data/theron/splicemutr_snakemake_example/splicemutr_references/G026_txdb.sqlite
    shell:
        

        /users/tpalmer/splicemute/scripts/make_txdb.R -o /dcs04/fertig/data/theron/splicemutr_snakemake_example/splicemutr_references/G026_txdb.sqlite -g /dcs04/fertig/data/theron/splicemutr_snakemake_example/splicemutr_references/gencode.v26.chr_patch_hapl_scaff.annotation.gtf.gz
        
        (one of the commands exited with non-zero exit code; note that snakemake uses bash strict mode!)

Shutting down, this might take some time.
Exiting because a job execution failed. Look above for error message
Complete log: .snakemake/log/2023-11-22T142803.321756.snakemake.log
