Building DAG of jobs...
Using shell: /usr/bin/bash
Provided cores: 1 (use --cores to define parallelism)
Rules claiming more threads will be scaled down.
Job stats:
job                   count
------------------  -------
all                       1
running_leafcutter        1
save_introns              1
total                     3

Select jobs to execute...

[Wed Oct 25 14:00:46 2023]
rule running_leafcutter:
    input: /dcs04/fertig/data/theron/splicemutr_snakemake_example/juncs, /dcs04/fertig/data/theron/splicemutr_snakemake_example/juncs/filenames.txt, /users/tpalmer/splicemute/scripts, /users/tpalmer/packages/leafcutter/scripts, /dcs04/fertig/data/theron/splicemutr_snakemake_example/splicemutr_references/annotations, /users/tpalmer/packages/leafcutter/leafviz, /dcs04/fertig/data/theron/splicemutr_paper/CHOL_groups_file.txt, /users/tpalmer/packages/leafcutter/clustering
    output: /dcs04/fertig/data/theron/splicemutr_snakemake_example/juncs/data.Rdata
    jobid: 1
    reason: Missing output files: /dcs04/fertig/data/theron/splicemutr_snakemake_example/juncs/data.Rdata
    resources: tmpdir=/tmp

[Wed Oct 25 14:00:52 2023]
Error in rule running_leafcutter:
    jobid: 1
    input: /dcs04/fertig/data/theron/splicemutr_snakemake_example/juncs, /dcs04/fertig/data/theron/splicemutr_snakemake_example/juncs/filenames.txt, /users/tpalmer/splicemute/scripts, /users/tpalmer/packages/leafcutter/scripts, /dcs04/fertig/data/theron/splicemutr_snakemake_example/splicemutr_references/annotations, /users/tpalmer/packages/leafcutter/leafviz, /dcs04/fertig/data/theron/splicemutr_paper/CHOL_groups_file.txt, /users/tpalmer/packages/leafcutter/clustering
    output: /dcs04/fertig/data/theron/splicemutr_snakemake_example/juncs/data.Rdata
    shell:
        
    echo "leafcutter_cluster_regtools"
    #python /users/tpalmer/packages/leafcutter/clustering/splicemutr_leafcutter_cluster_regtools.py -j /dcs04/fertig/data/theron/splicemutr_snakemake_example/juncs/filenames.txt -r /dcs04/fertig/data/theron/splicemutr_snakemake_example/juncs -o data -l 500000

    echo "leafcutter_ds"
    /users/tpalmer/packages/leafcutter/scripts/leafcutter_ds.R --num_threads 1 --exon_file=/dcs04/fertig/data/theron/splicemutr_snakemake_example/splicemutr_references/annotations/G026.exons.txt.gz -o /dcs04/fertig/data/theron/splicemutr_snakemake_example/juncs/leafcutter_ds /dcs04/fertig/data/theron/splicemutr_snakemake_example/juncs/data_perind_numers.counts.gz /dcs04/fertig/data/theron/splicemutr_paper/CHOL_groups_file.txt

    echo "prepare_results"
    /users/tpalmer/packages/leafcutter/leafviz/prepare_results.R -o /dcs04/fertig/data/theron/splicemutr_snakemake_example/juncs/data.Rdata -m /dcs04/fertig/data/theron/splicemutr_paper/CHOL_groups_file.txt /dcs04/fertig/data/theron/splicemutr_snakemake_example/juncs/data_perind_numers.counts.gz /dcs04/fertig/data/theron/splicemutr_snakemake_example/juncs/leafcutter_ds_cluster_significance.txt /dcs04/fertig/data/theron/splicemutr_snakemake_example/juncs/leafcutter_ds_effect_sizes.txt /dcs04/fertig/data/theron/splicemutr_snakemake_example/splicemutr_references/annotations/G026
    
        (one of the commands exited with non-zero exit code; note that snakemake uses bash strict mode!)

Shutting down, this might take some time.
Exiting because a job execution failed. Look above for error message
Complete log: .snakemake/log/2023-10-25T140042.714143.snakemake.log
