Building DAG of jobs...
Using shell: /usr/bin/bash
Provided cores: 1 (use --cores to define parallelism)
Rules claiming more threads will be scaled down.
Job stats:
job                           count
--------------------------  -------
all                               1
analyze_splicemutr                1
calcualte_coding_potential        1
calculate_gene_metric             1
combine_splicemutr                1
compile_kmer_counts               1
create_junction_expression        1
extract_data                      1
form_transcripts                  1
process_bindaffinity              1
process_peptides                  1
run_mhcnuggets                    1
total                            12

Select jobs to execute...

[Thu Dec 21 10:57:55 2023]
rule create_junction_expression:
    input: /users/tpalmer/splicemute/scripts, /dcs04/fertig/data/theron/splicemutr_paper/simulated_reads/splicemutr/SJ_FILES_OUT/juncfiles.txt, /dcs04/fertig/data/theron/splicemutr_paper/simulated_reads/splicemutr/create_junc_expression_out
    output: /dcs04/fertig/data/theron/splicemutr_paper/simulated_reads/splicemutr/create_junc_expression_out/junc_expr_combined_vst.rds
    jobid: 11
    reason: Updated input files: /users/tpalmer/splicemute/scripts
    resources: tmpdir=/tmp

[Thu Dec 21 10:58:09 2023]
Finished job 11.
1 of 12 steps (8%) done
Select jobs to execute...

[Thu Dec 21 10:58:09 2023]
rule form_transcripts:
    input: /dcs04/fertig/data/theron/splicemutr_paper/simulated_reads/splicemutr/SJ_FILES_OUT/splicemutr_introns.rds, /dcs04/fertig/data/theron/splicemutr_paper/simulated_reads/splicemutr/splicemutr_references/G039_txdb.sqlite, /users/tpalmer/splicemute/scripts, /users/tpalmer/splicemute/R/functions.R, /dcs04/fertig/data/theron/splicemutr_paper/simulated_reads/splicemutr/formed_transcripts
    output: /dcs04/fertig/data/theron/splicemutr_paper/simulated_reads/splicemutr/formed_transcripts/splicemutr_introns_data_splicemutr.rds
    jobid: 4
    reason: Missing output files: /dcs04/fertig/data/theron/splicemutr_paper/simulated_reads/splicemutr/formed_transcripts/splicemutr_introns_data_splicemutr.rds
    resources: tmpdir=/tmp

[Thu Dec 21 10:58:21 2023]
Error in rule form_transcripts:
    jobid: 4
    input: /dcs04/fertig/data/theron/splicemutr_paper/simulated_reads/splicemutr/SJ_FILES_OUT/splicemutr_introns.rds, /dcs04/fertig/data/theron/splicemutr_paper/simulated_reads/splicemutr/splicemutr_references/G039_txdb.sqlite, /users/tpalmer/splicemute/scripts, /users/tpalmer/splicemute/R/functions.R, /dcs04/fertig/data/theron/splicemutr_paper/simulated_reads/splicemutr/formed_transcripts
    output: /dcs04/fertig/data/theron/splicemutr_paper/simulated_reads/splicemutr/formed_transcripts/splicemutr_introns_data_splicemutr.rds
    shell:
        
        BSGENOME="BSgenome.Hsapiens.GENCODE.GRCh38.p13"
        OUT_PREFIX=/dcs04/fertig/data/theron/splicemutr_paper/simulated_reads/splicemutr/formed_transcripts/$(echo $(basename /dcs04/fertig/data/theron/splicemutr_paper/simulated_reads/splicemutr/SJ_FILES_OUT/splicemutr_introns.rds) | sed s/'.rds'/''/g)

        /users/tpalmer/splicemute/scripts/form_transcripts.R -o $OUT_PREFIX -t /dcs04/fertig/data/theron/splicemutr_paper/simulated_reads/splicemutr/splicemutr_references/G039_txdb.sqlite -j /dcs04/fertig/data/theron/splicemutr_paper/simulated_reads/splicemutr/SJ_FILES_OUT/splicemutr_introns.rds -b $BSGENOME -f /users/tpalmer/splicemute/R/functions.R
        
        (one of the commands exited with non-zero exit code; note that snakemake uses bash strict mode!)

Shutting down, this might take some time.
Exiting because a job execution failed. Look above for error message
Complete log: .snakemake/log/2023-12-21T105751.821448.snakemake.log
