Building DAG of jobs...
Using shell: /usr/bin/bash
Provided cores: 1 (use --cores to define parallelism)
Rules claiming more threads will be scaled down.
Job stats:
job                           count
--------------------------  -------
all                               1
analyze_splicemutr                1
calcualte_coding_potential        1
calculate_gene_metric             1
combine_splicemutr                1
compile_kmer_counts               1
create_junction_expression        1
extract_data                      1
form_transcripts                  1
process_bindaffinity              1
process_peptides                  1
run_mhcnuggets                    1
total                            12

Select jobs to execute...

[Fri Dec 22 09:38:07 2023]
rule form_transcripts:
    input: /dcs04/fertig/data/theron/splicemutr_paper/simulated_reads/splicemutr/SJ_FILES_OUT/splicemutr_introns.rds, /dcs04/fertig/data/theron/splicemutr_paper/simulated_reads/splicemutr/splicemutr_references/G039_txdb.sqlite, /users/tpalmer/splicemute/scripts, /users/tpalmer/splicemute/R/functions.R, /dcs04/fertig/data/theron/splicemutr_paper/simulated_reads/splicemutr/formed_transcripts
    output: /dcs04/fertig/data/theron/splicemutr_paper/simulated_reads/splicemutr/formed_transcripts/splicemutr_introns_data_splicemutr.rds
    jobid: 4
    reason: Updated input files: /dcs04/fertig/data/theron/splicemutr_paper/simulated_reads/splicemutr/formed_transcripts
    resources: tmpdir=/tmp

Terminating processes on user request, this might take some time.
[Fri Dec 22 09:38:22 2023]
Error in rule form_transcripts:
    jobid: 4
    input: /dcs04/fertig/data/theron/splicemutr_paper/simulated_reads/splicemutr/SJ_FILES_OUT/splicemutr_introns.rds, /dcs04/fertig/data/theron/splicemutr_paper/simulated_reads/splicemutr/splicemutr_references/G039_txdb.sqlite, /users/tpalmer/splicemute/scripts, /users/tpalmer/splicemute/R/functions.R, /dcs04/fertig/data/theron/splicemutr_paper/simulated_reads/splicemutr/formed_transcripts
    output: /dcs04/fertig/data/theron/splicemutr_paper/simulated_reads/splicemutr/formed_transcripts/splicemutr_introns_data_splicemutr.rds
    shell:
        
        BSGENOME="BSgenome.Hsapiens.GENCODE.GRCh38.p13"
        OUT_PREFIX=/dcs04/fertig/data/theron/splicemutr_paper/simulated_reads/splicemutr/formed_transcripts/$(echo $(basename /dcs04/fertig/data/theron/splicemutr_paper/simulated_reads/splicemutr/SJ_FILES_OUT/splicemutr_introns.rds) | sed s/'.rds'/''/g)

        /users/tpalmer/splicemute/scripts/form_transcripts.R -o $OUT_PREFIX -t /dcs04/fertig/data/theron/splicemutr_paper/simulated_reads/splicemutr/splicemutr_references/G039_txdb.sqlite -j /dcs04/fertig/data/theron/splicemutr_paper/simulated_reads/splicemutr/SJ_FILES_OUT/splicemutr_introns.rds -b $BSGENOME -f /users/tpalmer/splicemute/R/functions.R
        
        (one of the commands exited with non-zero exit code; note that snakemake uses bash strict mode!)

Complete log: .snakemake/log/2023-12-22T093754.122553.snakemake.log
